<?xml version="1.0" encoding="UTF-8"?>
<!-- Generated by org.testng.reporters.JUnitXMLReporter -->
<testsuite ignored="0" hostname="LAPTOP-LJ0US78B" failures="0" tests="4" name="Test" time="47.703" errors="0" timestamp="2025-11-12T17:00:27 IST">
  <testcase classname="tests.AlertsTest" name="testAlertHandling" time="5.597"/>
  <testcase classname="tests.TextBoxTest" name="testTextBoxForm" time="5.764"/>
  <testcase classname="tests.WindowsTest" name="testNewWindow" time="16.083"/>
  <testcase classname="tests.FramesTest" name="testFrameHandling" time="5.223"/>
</testsuite> <!-- Test -->
