<?xml version="1.0" encoding="UTF-8"?>
<testng-results ignored="0" total="4" passed="4" failed="0" skipped="0">
  <reporter-output>
  </reporter-output>
  <suite started-at="2025-11-12T16:59:39 IST" name="Suite" finished-at="2025-11-12T17:00:27 IST" duration-ms="47703">
    <groups>
    </groups>
    <test started-at="2025-11-12T16:59:39 IST" name="Test" finished-at="2025-11-12T17:00:27 IST" duration-ms="47703">
      <class name="tests.TextBoxTest">
        <test-method is-config="true" signature="setUp()[pri:0, instance:tests.TextBoxTest@3bf7ca37]" started-at="2025-11-12T16:59:49 IST" name="setUp" finished-at="2025-11-12T16:59:53 IST" duration-ms="4245" status="PASS">
          <reporter-output>
          </reporter-output>
        </test-method> <!-- setUp -->
        <test-method signature="testTextBoxForm()[pri:0, instance:tests.TextBoxTest@3bf7ca37]" started-at="2025-11-12T16:59:53 IST" name="testTextBoxForm" finished-at="2025-11-12T16:59:59 IST" duration-ms="5764" status="PASS">
          <reporter-output>
          </reporter-output>
        </test-method> <!-- testTextBoxForm -->
        <test-method is-config="true" signature="tearDown()[pri:0, instance:tests.TextBoxTest@3bf7ca37]" started-at="2025-11-12T16:59:59 IST" name="tearDown" finished-at="2025-11-12T17:00:00 IST" duration-ms="387" status="PASS">
          <reporter-output>
          </reporter-output>
        </test-method> <!-- tearDown -->
      </class> <!-- tests.TextBoxTest -->
      <class name="tests.FramesTest">
        <test-method is-config="true" signature="setUp()[pri:0, instance:tests.FramesTest@4d1c00d0]" started-at="2025-11-12T17:00:17 IST" name="setUp" finished-at="2025-11-12T17:00:22 IST" duration-ms="4396" status="PASS">
          <reporter-output>
          </reporter-output>
        </test-method> <!-- setUp -->
        <test-method signature="testFrameHandling()[pri:0, instance:tests.FramesTest@4d1c00d0]" started-at="2025-11-12T17:00:22 IST" name="testFrameHandling" finished-at="2025-11-12T17:00:27 IST" duration-ms="5223" status="PASS">
          <reporter-output>
          </reporter-output>
        </test-method> <!-- testFrameHandling -->
        <test-method is-config="true" signature="tearDown()[pri:0, instance:tests.FramesTest@4d1c00d0]" started-at="2025-11-12T17:00:27 IST" name="tearDown" finished-at="2025-11-12T17:00:27 IST" duration-ms="268" status="PASS">
          <reporter-output>
          </reporter-output>
        </test-method> <!-- tearDown -->
      </class> <!-- tests.FramesTest -->
      <class name="tests.AlertsTest">
        <test-method is-config="true" signature="setUp()[pri:0, instance:tests.AlertsTest@3c9754d8]" started-at="2025-11-12T16:59:40 IST" name="setUp" finished-at="2025-11-12T16:59:43 IST" duration-ms="3150" status="PASS">
          <reporter-output>
          </reporter-output>
        </test-method> <!-- setUp -->
        <test-method signature="testAlertHandling()[pri:0, instance:tests.AlertsTest@3c9754d8]" started-at="2025-11-12T16:59:43 IST" name="testAlertHandling" finished-at="2025-11-12T16:59:48 IST" duration-ms="5597" status="PASS">
          <reporter-output>
          </reporter-output>
        </test-method> <!-- testAlertHandling -->
        <test-method is-config="true" signature="tearDown()[pri:0, instance:tests.AlertsTest@3c9754d8]" started-at="2025-11-12T16:59:48 IST" name="tearDown" finished-at="2025-11-12T16:59:49 IST" duration-ms="909" status="PASS">
          <reporter-output>
          </reporter-output>
        </test-method> <!-- tearDown -->
      </class> <!-- tests.AlertsTest -->
      <class name="tests.WindowsTest">
        <test-method is-config="true" signature="setUp()[pri:0, instance:tests.WindowsTest@79079097]" started-at="2025-11-12T17:00:00 IST" name="setUp" finished-at="2025-11-12T17:00:01 IST" duration-ms="1375" status="PASS">
          <reporter-output>
          </reporter-output>
        </test-method> <!-- setUp -->
        <test-method signature="testNewWindow()[pri:0, instance:tests.WindowsTest@79079097]" started-at="2025-11-12T17:00:01 IST" name="testNewWindow" finished-at="2025-11-12T17:00:17 IST" duration-ms="16083" status="PASS">
          <reporter-output>
          </reporter-output>
        </test-method> <!-- testNewWindow -->
        <test-method is-config="true" signature="tearDown()[pri:0, instance:tests.WindowsTest@79079097]" started-at="2025-11-12T17:00:17 IST" name="tearDown" finished-at="2025-11-12T17:00:17 IST" duration-ms="228" status="PASS">
          <reporter-output>
          </reporter-output>
        </test-method> <!-- tearDown -->
      </class> <!-- tests.WindowsTest -->
    </test> <!-- Test -->
  </suite> <!-- Suite -->
</testng-results>
